{"/Users/robert/Documents/CareerFoundry/Projects/meet-vite/meet/src/App.jsx": {"path":"/Users/robert/Documents/CareerFoundry/Projects/meet-vite/meet/src/App.jsx","statementMap":{"0":{"start":{"line":6,"column":12},"end":{"line":14,"column":1}},"1":{"start":{"line":7,"column":2},"end":{"line":13,"column":4}}},"fnMap":{"0":{"name":"(anonymous_0)","decl":{"start":{"line":6,"column":12},"end":{"line":6,"column":13}},"loc":{"start":{"line":6,"column":18},"end":{"line":14,"column":1}},"line":6}},"branchMap":{},"s":{"0":1,"1":3},"f":{"0":3},"b":{},"_coverageSchema":"1a1c01bbd47fc00a2c39e90264f33305004495a9","hash":"400f24940d9e0cf30b8203c6729e0be69eec5882"}
,"/Users/robert/Documents/CareerFoundry/Projects/meet-vite/meet/src/api.js": {"path":"/Users/robert/Documents/CareerFoundry/Projects/meet-vite/meet/src/api.js","statementMap":{"0":{"start":{"line":11,"column":32},"end":{"line":15,"column":1}},"1":{"start":{"line":12,"column":31},"end":{"line":12,"column":67}},"2":{"start":{"line":12,"column":52},"end":{"line":12,"column":66}},"3":{"start":{"line":13,"column":22},"end":{"line":13,"column":54}},"4":{"start":{"line":14,"column":4},"end":{"line":14,"column":21}},"5":{"start":{"line":21,"column":25},"end":{"line":23,"column":1}},"6":{"start":{"line":22,"column":4},"end":{"line":22,"column":20}}},"fnMap":{"0":{"name":"(anonymous_0)","decl":{"start":{"line":11,"column":32},"end":{"line":11,"column":33}},"loc":{"start":{"line":11,"column":44},"end":{"line":15,"column":1}},"line":11},"1":{"name":"(anonymous_1)","decl":{"start":{"line":12,"column":42},"end":{"line":12,"column":43}},"loc":{"start":{"line":12,"column":52},"end":{"line":12,"column":66}},"line":12},"2":{"name":"(anonymous_2)","decl":{"start":{"line":21,"column":25},"end":{"line":21,"column":26}},"loc":{"start":{"line":21,"column":37},"end":{"line":23,"column":1}},"line":21}},"branchMap":{},"s":{"0":3,"1":2,"2":66,"3":2,"4":2,"5":3,"6":10},"f":{"0":2,"1":66,"2":10},"b":{},"_coverageSchema":"1a1c01bbd47fc00a2c39e90264f33305004495a9","hash":"2c244d2f2491087d4f74d718a3bc149c48eb1b96"}
,"/Users/robert/Documents/CareerFoundry/Projects/meet-vite/meet/src/mock-data.js": {"path":"/Users/robert/Documents/CareerFoundry/Projects/meet-vite/meet/src/mock-data.js","statementMap":{"0":{"start":{"line":1,"column":17},"end":{"line":1289,"column":1}}},"fnMap":{},"branchMap":{},"s":{"0":3},"f":{},"b":{},"_coverageSchema":"1a1c01bbd47fc00a2c39e90264f33305004495a9","hash":"d57b6b3b3a6e2e576e52a88455245348733426de"}
,"/Users/robert/Documents/CareerFoundry/Projects/meet-vite/meet/src/components/CitySearch.jsx": {"path":"/Users/robert/Documents/CareerFoundry/Projects/meet-vite/meet/src/components/CitySearch.jsx","statementMap":{"0":{"start":{"line":3,"column":19},"end":{"line":52,"column":1}},"1":{"start":{"line":4,"column":48},"end":{"line":4,"column":63}},"2":{"start":{"line":5,"column":28},"end":{"line":5,"column":40}},"3":{"start":{"line":6,"column":40},"end":{"line":6,"column":52}},"4":{"start":{"line":8,"column":29},"end":{"line":18,"column":3}},"5":{"start":{"line":9,"column":18},"end":{"line":9,"column":36}},"6":{"start":{"line":10,"column":30},"end":{"line":14,"column":10}},"7":{"start":{"line":12,"column":10},"end":{"line":12,"column":74}},"8":{"start":{"line":16,"column":4},"end":{"line":16,"column":20}},"9":{"start":{"line":17,"column":4},"end":{"line":17,"column":38}},"10":{"start":{"line":20,"column":28},"end":{"line":24,"column":3}},"11":{"start":{"line":21,"column":18},"end":{"line":21,"column":42}},"12":{"start":{"line":22,"column":4},"end":{"line":22,"column":20}},"13":{"start":{"line":23,"column":4},"end":{"line":23,"column":30}},"14":{"start":{"line":26,"column":2},"end":{"line":51,"column":4}},"15":{"start":{"line":33,"column":23},"end":{"line":33,"column":47}},"16":{"start":{"line":39,"column":12},"end":{"line":43,"column":14}}},"fnMap":{"0":{"name":"(anonymous_0)","decl":{"start":{"line":3,"column":19},"end":{"line":3,"column":20}},"loc":{"start":{"line":3,"column":41},"end":{"line":52,"column":1}},"line":3},"1":{"name":"(anonymous_1)","decl":{"start":{"line":8,"column":29},"end":{"line":8,"column":30}},"loc":{"start":{"line":8,"column":40},"end":{"line":18,"column":3}},"line":8},"2":{"name":"(anonymous_2)","decl":{"start":{"line":11,"column":28},"end":{"line":11,"column":29}},"loc":{"start":{"line":11,"column":42},"end":{"line":13,"column":9}},"line":11},"3":{"name":"(anonymous_3)","decl":{"start":{"line":20,"column":28},"end":{"line":20,"column":29}},"loc":{"start":{"line":20,"column":39},"end":{"line":24,"column":3}},"line":20},"4":{"name":"(anonymous_4)","decl":{"start":{"line":33,"column":17},"end":{"line":33,"column":18}},"loc":{"start":{"line":33,"column":23},"end":{"line":33,"column":47}},"line":33},"5":{"name":"(anonymous_5)","decl":{"start":{"line":38,"column":27},"end":{"line":38,"column":28}},"loc":{"start":{"line":38,"column":43},"end":{"line":44,"column":11}},"line":38}},"branchMap":{"0":{"loc":{"start":{"line":10,"column":30},"end":{"line":14,"column":10}},"type":"cond-expr","locations":[{"start":{"line":11,"column":8},"end":{"line":13,"column":10}},{"start":{"line":14,"column":8},"end":{"line":14,"column":10}}],"line":10},"1":{"loc":{"start":{"line":36,"column":7},"end":{"line":49,"column":14}},"type":"cond-expr","locations":[{"start":{"line":37,"column":8},"end":{"line":48,"column":13}},{"start":{"line":49,"column":10},"end":{"line":49,"column":14}}],"line":36}},"s":{"0":2,"1":26,"2":26,"3":26,"4":26,"5":12,"6":12,"7":24,"8":12,"9":12,"10":26,"11":1,"12":1,"13":1,"14":26,"15":3,"16":12},"f":{"0":26,"1":12,"2":24,"3":1,"4":3,"5":12},"b":{"0":[12,0],"1":[15,11]},"_coverageSchema":"1a1c01bbd47fc00a2c39e90264f33305004495a9","hash":"908fb597924cb303df2cfc0f11026d3afba7c7b2"}
,"/Users/robert/Documents/CareerFoundry/Projects/meet-vite/meet/src/components/Event.jsx": {"path":"/Users/robert/Documents/CareerFoundry/Projects/meet-vite/meet/src/components/Event.jsx","statementMap":{"0":{"start":{"line":3,"column":14},"end":{"line":16,"column":1}},"1":{"start":{"line":4,"column":40},"end":{"line":4,"column":55}},"2":{"start":{"line":5,"column":2},"end":{"line":15,"column":4}},"3":{"start":{"line":10,"column":29},"end":{"line":10,"column":57}}},"fnMap":{"0":{"name":"(anonymous_0)","decl":{"start":{"line":3,"column":14},"end":{"line":3,"column":15}},"loc":{"start":{"line":3,"column":29},"end":{"line":16,"column":1}},"line":3},"1":{"name":"(anonymous_1)","decl":{"start":{"line":10,"column":23},"end":{"line":10,"column":24}},"loc":{"start":{"line":10,"column":29},"end":{"line":10,"column":57}},"line":10}},"branchMap":{"0":{"loc":{"start":{"line":11,"column":9},"end":{"line":11,"column":54}},"type":"cond-expr","locations":[{"start":{"line":11,"column":23},"end":{"line":11,"column":37}},{"start":{"line":11,"column":40},"end":{"line":11,"column":54}}],"line":11},"1":{"loc":{"start":{"line":13,"column":7},"end":{"line":13,"column":68}},"type":"binary-expr","locations":[{"start":{"line":13,"column":7},"end":{"line":13,"column":18}},{"start":{"line":13,"column":22},"end":{"line":13,"column":68}}],"line":13}},"s":{"0":3,"1":41,"2":41,"3":1},"f":{"0":41,"1":1},"b":{"0":[1,40],"1":[41,1]},"_coverageSchema":"1a1c01bbd47fc00a2c39e90264f33305004495a9","hash":"b8df8d324a7ff0d7f0594278c3873c5bf6aad6f1"}
,"/Users/robert/Documents/CareerFoundry/Projects/meet-vite/meet/src/components/EventList.jsx": {"path":"/Users/robert/Documents/CareerFoundry/Projects/meet-vite/meet/src/components/EventList.jsx","statementMap":{"0":{"start":{"line":4,"column":18},"end":{"line":10,"column":1}},"1":{"start":{"line":5,"column":2},"end":{"line":9,"column":4}},"2":{"start":{"line":7,"column":38},"end":{"line":7,"column":76}}},"fnMap":{"0":{"name":"(anonymous_0)","decl":{"start":{"line":4,"column":18},"end":{"line":4,"column":19}},"loc":{"start":{"line":4,"column":34},"end":{"line":10,"column":1}},"line":4},"1":{"name":"(anonymous_1)","decl":{"start":{"line":7,"column":27},"end":{"line":7,"column":28}},"loc":{"start":{"line":7,"column":38},"end":{"line":7,"column":76}},"line":7}},"branchMap":{"0":{"loc":{"start":{"line":7,"column":7},"end":{"line":7,"column":84}},"type":"cond-expr","locations":[{"start":{"line":7,"column":16},"end":{"line":7,"column":77}},{"start":{"line":7,"column":80},"end":{"line":7,"column":84}}],"line":7}},"s":{"0":2,"1":6,"2":33},"f":{"0":6,"1":33},"b":{"0":[1,5]},"_coverageSchema":"1a1c01bbd47fc00a2c39e90264f33305004495a9","hash":"8a79b46db93d0ea2c4aa5ded8e1a9f1e4c7ba4d7"}
,"/Users/robert/Documents/CareerFoundry/Projects/meet-vite/meet/src/components/NumberOfEvents.jsx": {"path":"/Users/robert/Documents/CareerFoundry/Projects/meet-vite/meet/src/components/NumberOfEvents.jsx","statementMap":{"0":{"start":{"line":3,"column":23},"end":{"line":22,"column":1}},"1":{"start":{"line":5,"column":38},"end":{"line":5,"column":52}},"2":{"start":{"line":7,"column":29},"end":{"line":11,"column":3}},"3":{"start":{"line":8,"column":18},"end":{"line":8,"column":36}},"4":{"start":{"line":10,"column":4},"end":{"line":10,"column":25}},"5":{"start":{"line":13,"column":2},"end":{"line":21,"column":4}}},"fnMap":{"0":{"name":"(anonymous_0)","decl":{"start":{"line":3,"column":23},"end":{"line":3,"column":24}},"loc":{"start":{"line":3,"column":29},"end":{"line":22,"column":1}},"line":3},"1":{"name":"(anonymous_1)","decl":{"start":{"line":7,"column":29},"end":{"line":7,"column":30}},"loc":{"start":{"line":7,"column":40},"end":{"line":11,"column":3}},"line":7}},"branchMap":{},"s":{"0":2,"1":10,"2":10,"3":4,"4":4,"5":10},"f":{"0":10,"1":4},"b":{},"_coverageSchema":"1a1c01bbd47fc00a2c39e90264f33305004495a9","hash":"1a1797eec29fb193282660348e8197e4dd99f904"}
}
