{"/Users/robert/Documents/CareerFoundry/Projects/meet-vite/meet/src/App.jsx": {"path":"/Users/robert/Documents/CareerFoundry/Projects/meet-vite/meet/src/App.jsx","statementMap":{"0":{"start":{"line":8,"column":12},"end":{"line":35,"column":1}},"1":{"start":{"line":9,"column":30},"end":{"line":9,"column":42}},"2":{"start":{"line":10,"column":38},"end":{"line":10,"column":50}},"3":{"start":{"line":11,"column":42},"end":{"line":11,"column":54}},"4":{"start":{"line":12,"column":40},"end":{"line":12,"column":66}},"5":{"start":{"line":14,"column":2},"end":{"line":16,"column":32}},"6":{"start":{"line":15,"column":4},"end":{"line":15,"column":16}},"7":{"start":{"line":18,"column":20},"end":{"line":26,"column":3}},"8":{"start":{"line":19,"column":22},"end":{"line":19,"column":39}},"9":{"start":{"line":21,"column":6},"end":{"line":23,"column":69}},"10":{"start":{"line":23,"column":38},"end":{"line":23,"column":68}},"11":{"start":{"line":24,"column":4},"end":{"line":24,"column":51}},"12":{"start":{"line":25,"column":4},"end":{"line":25,"column":49}},"13":{"start":{"line":28,"column":2},"end":{"line":34,"column":4}}},"fnMap":{"0":{"name":"(anonymous_0)","decl":{"start":{"line":8,"column":12},"end":{"line":8,"column":13}},"loc":{"start":{"line":8,"column":18},"end":{"line":35,"column":1}},"line":8},"1":{"name":"(anonymous_1)","decl":{"start":{"line":14,"column":12},"end":{"line":14,"column":13}},"loc":{"start":{"line":14,"column":18},"end":{"line":16,"column":3}},"line":14},"2":{"name":"(anonymous_2)","decl":{"start":{"line":18,"column":20},"end":{"line":18,"column":21}},"loc":{"start":{"line":18,"column":32},"end":{"line":26,"column":3}},"line":18},"3":{"name":"(anonymous_3)","decl":{"start":{"line":23,"column":27},"end":{"line":23,"column":28}},"loc":{"start":{"line":23,"column":38},"end":{"line":23,"column":68}},"line":23}},"branchMap":{"0":{"loc":{"start":{"line":21,"column":6},"end":{"line":23,"column":69}},"type":"cond-expr","locations":[{"start":{"line":22,"column":10},"end":{"line":22,"column":19}},{"start":{"line":23,"column":10},"end":{"line":23,"column":69}}],"line":21}},"s":{"0":3,"1":22,"2":21,"3":21,"4":21,"5":21,"6":12,"7":21,"8":12,"9":12,"10":33,"11":12,"12":12,"13":21},"f":{"0":22,"1":12,"2":12,"3":33},"b":{"0":[11,1]},"_coverageSchema":"1a1c01bbd47fc00a2c39e90264f33305004495a9","hash":"3bcf8cb1dec4bc4e2cc43bc8eeb6fe2d3c0377c1"}
,"/Users/robert/Documents/CareerFoundry/Projects/meet-vite/meet/src/api.js": {"path":"/Users/robert/Documents/CareerFoundry/Projects/meet-vite/meet/src/api.js","statementMap":{"0":{"start":{"line":11,"column":32},"end":{"line":15,"column":1}},"1":{"start":{"line":12,"column":29},"end":{"line":12,"column":66}},"2":{"start":{"line":12,"column":51},"end":{"line":12,"column":65}},"3":{"start":{"line":13,"column":20},"end":{"line":13,"column":52}},"4":{"start":{"line":14,"column":2},"end":{"line":14,"column":19}},"5":{"start":{"line":17,"column":19},"end":{"line":23,"column":1}},"6":{"start":{"line":18,"column":19},"end":{"line":20,"column":3}},"7":{"start":{"line":21,"column":17},"end":{"line":21,"column":38}},"8":{"start":{"line":22,"column":2},"end":{"line":22,"column":16}},"9":{"start":{"line":29,"column":25},"end":{"line":48,"column":1}},"10":{"start":{"line":30,"column":2},"end":{"line":32,"column":3}},"11":{"start":{"line":31,"column":4},"end":{"line":31,"column":20}},"12":{"start":{"line":34,"column":16},"end":{"line":34,"column":38}},"13":{"start":{"line":36,"column":2},"end":{"line":47,"column":3}},"14":{"start":{"line":37,"column":4},"end":{"line":37,"column":18}},"15":{"start":{"line":39,"column":6},"end":{"line":41,"column":11}},"16":{"start":{"line":42,"column":21},"end":{"line":42,"column":37}},"17":{"start":{"line":43,"column":19},"end":{"line":43,"column":40}},"18":{"start":{"line":44,"column":4},"end":{"line":46,"column":23}},"19":{"start":{"line":45,"column":6},"end":{"line":45,"column":27}},"20":{"start":{"line":46,"column":11},"end":{"line":46,"column":23}},"21":{"start":{"line":50,"column":20},"end":{"line":60,"column":1}},"22":{"start":{"line":52,"column":2},"end":{"line":59,"column":3}},"23":{"start":{"line":53,"column":4},"end":{"line":57,"column":31}},"24":{"start":{"line":58,"column":4},"end":{"line":58,"column":45}},"25":{"start":{"line":62,"column":17},"end":{"line":73,"column":1}},"26":{"start":{"line":63,"column":21},"end":{"line":63,"column":45}},"27":{"start":{"line":64,"column":19},"end":{"line":68,"column":3}},"28":{"start":{"line":69,"column":27},"end":{"line":69,"column":48}},"29":{"start":{"line":70,"column":2},"end":{"line":70,"column":69}},"30":{"start":{"line":72,"column":2},"end":{"line":72,"column":22}},"31":{"start":{"line":75,"column":30},"end":{"line":94,"column":1}},"32":{"start":{"line":76,"column":22},"end":{"line":76,"column":58}},"33":{"start":{"line":77,"column":21},"end":{"line":77,"column":67}},"34":{"start":{"line":79,"column":2},"end":{"line":92,"column":3}},"35":{"start":{"line":80,"column":4},"end":{"line":80,"column":50}},"36":{"start":{"line":81,"column":25},"end":{"line":81,"column":68}},"37":{"start":{"line":82,"column":17},"end":{"line":82,"column":47}},"38":{"start":{"line":83,"column":4},"end":{"line":90,"column":5}},"39":{"start":{"line":84,"column":23},"end":{"line":86,"column":7}},"40":{"start":{"line":87,"column":21},"end":{"line":87,"column":42}},"41":{"start":{"line":88,"column":26},"end":{"line":88,"column":32}},"42":{"start":{"line":89,"column":6},"end":{"line":89,"column":46}},"43":{"start":{"line":91,"column":4},"end":{"line":91,"column":34}},"44":{"start":{"line":93,"column":2},"end":{"line":93,"column":21}}},"fnMap":{"0":{"name":"(anonymous_0)","decl":{"start":{"line":11,"column":32},"end":{"line":11,"column":33}},"loc":{"start":{"line":11,"column":44},"end":{"line":15,"column":1}},"line":11},"1":{"name":"(anonymous_1)","decl":{"start":{"line":12,"column":40},"end":{"line":12,"column":41}},"loc":{"start":{"line":12,"column":51},"end":{"line":12,"column":65}},"line":12},"2":{"name":"(anonymous_2)","decl":{"start":{"line":17,"column":19},"end":{"line":17,"column":20}},"loc":{"start":{"line":17,"column":42},"end":{"line":23,"column":1}},"line":17},"3":{"name":"(anonymous_3)","decl":{"start":{"line":29,"column":25},"end":{"line":29,"column":26}},"loc":{"start":{"line":29,"column":37},"end":{"line":48,"column":1}},"line":29},"4":{"name":"(anonymous_4)","decl":{"start":{"line":50,"column":20},"end":{"line":50,"column":21}},"loc":{"start":{"line":50,"column":26},"end":{"line":60,"column":1}},"line":50},"5":{"name":"(anonymous_5)","decl":{"start":{"line":62,"column":17},"end":{"line":62,"column":18}},"loc":{"start":{"line":62,"column":33},"end":{"line":73,"column":1}},"line":62},"6":{"name":"(anonymous_6)","decl":{"start":{"line":75,"column":30},"end":{"line":75,"column":31}},"loc":{"start":{"line":75,"column":42},"end":{"line":94,"column":1}},"line":75}},"branchMap":{"0":{"loc":{"start":{"line":30,"column":2},"end":{"line":32,"column":3}},"type":"if","locations":[{"start":{"line":30,"column":2},"end":{"line":32,"column":3}},{"start":{},"end":{}}],"line":30},"1":{"loc":{"start":{"line":36,"column":2},"end":{"line":47,"column":3}},"type":"if","locations":[{"start":{"line":36,"column":2},"end":{"line":47,"column":3}},{"start":{},"end":{}}],"line":36},"2":{"loc":{"start":{"line":44,"column":4},"end":{"line":46,"column":23}},"type":"if","locations":[{"start":{"line":44,"column":4},"end":{"line":46,"column":23}},{"start":{"line":46,"column":11},"end":{"line":46,"column":23}}],"line":44},"3":{"loc":{"start":{"line":52,"column":2},"end":{"line":59,"column":3}},"type":"if","locations":[{"start":{"line":52,"column":2},"end":{"line":59,"column":3}},{"start":{},"end":{}}],"line":52},"4":{"loc":{"start":{"line":52,"column":6},"end":{"line":52,"column":58}},"type":"binary-expr","locations":[{"start":{"line":52,"column":6},"end":{"line":52,"column":30}},{"start":{"line":52,"column":34},"end":{"line":52,"column":58}}],"line":52},"5":{"loc":{"start":{"line":70,"column":2},"end":{"line":70,"column":68}},"type":"binary-expr","locations":[{"start":{"line":70,"column":2},"end":{"line":70,"column":14}},{"start":{"line":70,"column":18},"end":{"line":70,"column":68}}],"line":70},"6":{"loc":{"start":{"line":77,"column":21},"end":{"line":77,"column":67}},"type":"binary-expr","locations":[{"start":{"line":77,"column":21},"end":{"line":77,"column":32}},{"start":{"line":77,"column":37},"end":{"line":77,"column":66}}],"line":77},"7":{"loc":{"start":{"line":79,"column":2},"end":{"line":92,"column":3}},"type":"if","locations":[{"start":{"line":79,"column":2},"end":{"line":92,"column":3}},{"start":{},"end":{}}],"line":79},"8":{"loc":{"start":{"line":79,"column":6},"end":{"line":79,"column":38}},"type":"binary-expr","locations":[{"start":{"line":79,"column":6},"end":{"line":79,"column":18}},{"start":{"line":79,"column":22},"end":{"line":79,"column":38}}],"line":79},"9":{"loc":{"start":{"line":83,"column":4},"end":{"line":90,"column":5}},"type":"if","locations":[{"start":{"line":83,"column":4},"end":{"line":90,"column":5}},{"start":{},"end":{}}],"line":83},"10":{"loc":{"start":{"line":91,"column":11},"end":{"line":91,"column":33}},"type":"binary-expr","locations":[{"start":{"line":91,"column":11},"end":{"line":91,"column":15}},{"start":{"line":91,"column":19},"end":{"line":91,"column":33}}],"line":91}},"s":{"0":4,"1":15,"2":495,"3":15,"4":15,"5":4,"6":0,"7":0,"8":0,"9":4,"10":24,"11":24,"12":0,"13":0,"14":0,"15":0,"16":0,"17":0,"18":0,"19":0,"20":0,"21":4,"22":0,"23":0,"24":0,"25":4,"26":0,"27":0,"28":0,"29":0,"30":0,"31":4,"32":0,"33":0,"34":0,"35":0,"36":0,"37":0,"38":0,"39":0,"40":0,"41":0,"42":0,"43":0,"44":0},"f":{"0":15,"1":495,"2":0,"3":24,"4":0,"5":0,"6":0},"b":{"0":[24,0],"1":[0,0],"2":[0,0],"3":[0,0],"4":[0,0],"5":[0,0],"6":[0,0],"7":[0,0],"8":[0,0],"9":[0,0],"10":[0,0]},"_coverageSchema":"1a1c01bbd47fc00a2c39e90264f33305004495a9","hash":"7cc39e2e882efbf2c887115c26b155e500547ea5"}
,"/Users/robert/Documents/CareerFoundry/Projects/meet-vite/meet/src/mock-data.js": {"path":"/Users/robert/Documents/CareerFoundry/Projects/meet-vite/meet/src/mock-data.js","statementMap":{"0":{"start":{"line":1,"column":17},"end":{"line":1289,"column":1}}},"fnMap":{},"branchMap":{},"s":{"0":4},"f":{},"b":{},"_coverageSchema":"1a1c01bbd47fc00a2c39e90264f33305004495a9","hash":"d57b6b3b3a6e2e576e52a88455245348733426de"}
,"/Users/robert/Documents/CareerFoundry/Projects/meet-vite/meet/src/components/CitySearch.jsx": {"path":"/Users/robert/Documents/CareerFoundry/Projects/meet-vite/meet/src/components/CitySearch.jsx","statementMap":{"0":{"start":{"line":3,"column":19},"end":{"line":57,"column":1}},"1":{"start":{"line":4,"column":48},"end":{"line":4,"column":63}},"2":{"start":{"line":5,"column":28},"end":{"line":5,"column":40}},"3":{"start":{"line":6,"column":40},"end":{"line":6,"column":52}},"4":{"start":{"line":8,"column":29},"end":{"line":18,"column":3}},"5":{"start":{"line":9,"column":18},"end":{"line":9,"column":36}},"6":{"start":{"line":10,"column":30},"end":{"line":14,"column":10}},"7":{"start":{"line":12,"column":10},"end":{"line":12,"column":74}},"8":{"start":{"line":16,"column":4},"end":{"line":16,"column":20}},"9":{"start":{"line":17,"column":4},"end":{"line":17,"column":38}},"10":{"start":{"line":20,"column":2},"end":{"line":22,"column":26}},"11":{"start":{"line":21,"column":4},"end":{"line":21,"column":33}},"12":{"start":{"line":24,"column":28},"end":{"line":29,"column":3}},"13":{"start":{"line":25,"column":18},"end":{"line":25,"column":42}},"14":{"start":{"line":26,"column":4},"end":{"line":26,"column":20}},"15":{"start":{"line":27,"column":4},"end":{"line":27,"column":30}},"16":{"start":{"line":28,"column":4},"end":{"line":28,"column":26}},"17":{"start":{"line":31,"column":2},"end":{"line":56,"column":4}},"18":{"start":{"line":38,"column":23},"end":{"line":38,"column":47}},"19":{"start":{"line":44,"column":12},"end":{"line":48,"column":14}}},"fnMap":{"0":{"name":"(anonymous_0)","decl":{"start":{"line":3,"column":19},"end":{"line":3,"column":20}},"loc":{"start":{"line":3,"column":57},"end":{"line":57,"column":1}},"line":3},"1":{"name":"(anonymous_1)","decl":{"start":{"line":8,"column":29},"end":{"line":8,"column":30}},"loc":{"start":{"line":8,"column":40},"end":{"line":18,"column":3}},"line":8},"2":{"name":"(anonymous_2)","decl":{"start":{"line":11,"column":28},"end":{"line":11,"column":29}},"loc":{"start":{"line":11,"column":42},"end":{"line":13,"column":9}},"line":11},"3":{"name":"(anonymous_3)","decl":{"start":{"line":20,"column":12},"end":{"line":20,"column":13}},"loc":{"start":{"line":20,"column":18},"end":{"line":22,"column":3}},"line":20},"4":{"name":"(anonymous_4)","decl":{"start":{"line":24,"column":28},"end":{"line":24,"column":29}},"loc":{"start":{"line":24,"column":39},"end":{"line":29,"column":3}},"line":24},"5":{"name":"(anonymous_5)","decl":{"start":{"line":38,"column":17},"end":{"line":38,"column":18}},"loc":{"start":{"line":38,"column":23},"end":{"line":38,"column":47}},"line":38},"6":{"name":"(anonymous_6)","decl":{"start":{"line":43,"column":27},"end":{"line":43,"column":28}},"loc":{"start":{"line":43,"column":43},"end":{"line":49,"column":11}},"line":43}},"branchMap":{"0":{"loc":{"start":{"line":10,"column":30},"end":{"line":14,"column":10}},"type":"cond-expr","locations":[{"start":{"line":11,"column":8},"end":{"line":13,"column":10}},{"start":{"line":14,"column":8},"end":{"line":14,"column":10}}],"line":10},"1":{"loc":{"start":{"line":41,"column":7},"end":{"line":54,"column":14}},"type":"cond-expr","locations":[{"start":{"line":42,"column":8},"end":{"line":53,"column":13}},{"start":{"line":54,"column":10},"end":{"line":54,"column":14}}],"line":41}},"s":{"0":3,"1":70,"2":70,"3":70,"4":70,"5":18,"6":18,"7":36,"8":18,"9":18,"10":70,"11":18,"12":70,"13":2,"14":2,"15":2,"16":2,"17":70,"18":5,"19":26},"f":{"0":70,"1":18,"2":36,"3":18,"4":2,"5":5,"6":26},"b":{"0":[18,0],"1":[24,46]},"_coverageSchema":"1a1c01bbd47fc00a2c39e90264f33305004495a9","hash":"b5c4dc14ecd51a352136acb91bc7e2c2ba73705a"}
,"/Users/robert/Documents/CareerFoundry/Projects/meet-vite/meet/src/components/Event.jsx": {"path":"/Users/robert/Documents/CareerFoundry/Projects/meet-vite/meet/src/components/Event.jsx","statementMap":{"0":{"start":{"line":3,"column":14},"end":{"line":16,"column":1}},"1":{"start":{"line":4,"column":40},"end":{"line":4,"column":55}},"2":{"start":{"line":5,"column":2},"end":{"line":15,"column":4}},"3":{"start":{"line":10,"column":53},"end":{"line":10,"column":81}}},"fnMap":{"0":{"name":"(anonymous_0)","decl":{"start":{"line":3,"column":14},"end":{"line":3,"column":15}},"loc":{"start":{"line":3,"column":29},"end":{"line":16,"column":1}},"line":3},"1":{"name":"(anonymous_1)","decl":{"start":{"line":10,"column":47},"end":{"line":10,"column":48}},"loc":{"start":{"line":10,"column":53},"end":{"line":10,"column":81}},"line":10}},"branchMap":{"0":{"loc":{"start":{"line":11,"column":9},"end":{"line":11,"column":54}},"type":"cond-expr","locations":[{"start":{"line":11,"column":23},"end":{"line":11,"column":37}},{"start":{"line":11,"column":40},"end":{"line":11,"column":54}}],"line":11},"1":{"loc":{"start":{"line":13,"column":7},"end":{"line":13,"column":68}},"type":"binary-expr","locations":[{"start":{"line":13,"column":7},"end":{"line":13,"column":18}},{"start":{"line":13,"column":22},"end":{"line":13,"column":68}}],"line":13}},"s":{"0":4,"1":267,"2":267,"3":1},"f":{"0":267,"1":1},"b":{"0":[1,266],"1":[267,1]},"_coverageSchema":"1a1c01bbd47fc00a2c39e90264f33305004495a9","hash":"c54c5bc753c612f873a4e7b06331e56aaf8a1d55"}
,"/Users/robert/Documents/CareerFoundry/Projects/meet-vite/meet/src/components/EventList.jsx": {"path":"/Users/robert/Documents/CareerFoundry/Projects/meet-vite/meet/src/components/EventList.jsx","statementMap":{"0":{"start":{"line":4,"column":18},"end":{"line":10,"column":1}},"1":{"start":{"line":5,"column":2},"end":{"line":9,"column":4}},"2":{"start":{"line":7,"column":38},"end":{"line":7,"column":76}}},"fnMap":{"0":{"name":"(anonymous_0)","decl":{"start":{"line":4,"column":18},"end":{"line":4,"column":19}},"loc":{"start":{"line":4,"column":34},"end":{"line":10,"column":1}},"line":4},"1":{"name":"(anonymous_1)","decl":{"start":{"line":7,"column":27},"end":{"line":7,"column":28}},"loc":{"start":{"line":7,"column":38},"end":{"line":7,"column":76}},"line":7}},"branchMap":{"0":{"loc":{"start":{"line":7,"column":7},"end":{"line":7,"column":84}},"type":"cond-expr","locations":[{"start":{"line":7,"column":16},"end":{"line":7,"column":77}},{"start":{"line":7,"column":80},"end":{"line":7,"column":84}}],"line":7}},"s":{"0":3,"1":24,"2":259},"f":{"0":24,"1":259},"b":{"0":[22,2]},"_coverageSchema":"1a1c01bbd47fc00a2c39e90264f33305004495a9","hash":"8a79b46db93d0ea2c4aa5ded8e1a9f1e4c7ba4d7"}
,"/Users/robert/Documents/CareerFoundry/Projects/meet-vite/meet/src/components/NumberOfEvents.jsx": {"path":"/Users/robert/Documents/CareerFoundry/Projects/meet-vite/meet/src/components/NumberOfEvents.jsx","statementMap":{"0":{"start":{"line":3,"column":23},"end":{"line":18,"column":1}},"1":{"start":{"line":4,"column":38},"end":{"line":4,"column":52}},"2":{"start":{"line":6,"column":29},"end":{"line":11,"column":3}},"3":{"start":{"line":7,"column":18},"end":{"line":7,"column":36}},"4":{"start":{"line":9,"column":4},"end":{"line":9,"column":25}},"5":{"start":{"line":10,"column":4},"end":{"line":10,"column":25}},"6":{"start":{"line":13,"column":2},"end":{"line":17,"column":4}}},"fnMap":{"0":{"name":"(anonymous_0)","decl":{"start":{"line":3,"column":23},"end":{"line":3,"column":24}},"loc":{"start":{"line":3,"column":46},"end":{"line":18,"column":1}},"line":3},"1":{"name":"(anonymous_1)","decl":{"start":{"line":6,"column":29},"end":{"line":6,"column":30}},"loc":{"start":{"line":6,"column":40},"end":{"line":11,"column":3}},"line":6}},"branchMap":{},"s":{"0":4,"1":28,"2":28,"3":8,"4":8,"5":8,"6":28},"f":{"0":28,"1":8},"b":{},"_coverageSchema":"1a1c01bbd47fc00a2c39e90264f33305004495a9","hash":"2d8115d40d584044110d616eca2cbc6dec61b485"}
}
