TN:
SF:src/App.jsx
FN:8,(anonymous_0)
FN:14,(anonymous_1)
FN:18,(anonymous_2)
FN:23,(anonymous_3)
FNF:4
FNH:4
FNDA:22,(anonymous_0)
FNDA:12,(anonymous_1)
FNDA:12,(anonymous_2)
FNDA:33,(anonymous_3)
DA:8,3
DA:9,22
DA:10,21
DA:11,21
DA:12,21
DA:14,21
DA:15,12
DA:18,21
DA:19,12
DA:21,12
DA:23,33
DA:24,12
DA:25,12
DA:28,21
LF:14
LH:14
BRDA:21,0,0,11
BRDA:21,0,1,1
BRF:2
BRH:2
end_of_record
TN:
SF:src/api.js
FN:11,(anonymous_0)
FN:12,(anonymous_1)
FN:17,(anonymous_2)
FN:29,(anonymous_3)
FN:50,(anonymous_4)
FN:62,(anonymous_5)
FN:75,(anonymous_6)
FNF:7
FNH:3
FNDA:15,(anonymous_0)
FNDA:495,(anonymous_1)
FNDA:0,(anonymous_2)
FNDA:24,(anonymous_3)
FNDA:0,(anonymous_4)
FNDA:0,(anonymous_5)
FNDA:0,(anonymous_6)
DA:11,4
DA:12,495
DA:13,15
DA:14,15
DA:17,4
DA:18,0
DA:21,0
DA:22,0
DA:29,4
DA:30,24
DA:31,24
DA:34,0
DA:36,0
DA:37,0
DA:39,0
DA:42,0
DA:43,0
DA:44,0
DA:45,0
DA:46,0
DA:50,4
DA:52,0
DA:53,0
DA:58,0
DA:62,4
DA:63,0
DA:64,0
DA:69,0
DA:70,0
DA:72,0
DA:75,4
DA:76,0
DA:77,0
DA:79,0
DA:80,0
DA:81,0
DA:82,0
DA:83,0
DA:84,0
DA:87,0
DA:88,0
DA:89,0
DA:91,0
DA:93,0
LF:44
LH:11
BRDA:30,0,0,24
BRDA:30,0,1,0
BRDA:36,1,0,0
BRDA:36,1,1,0
BRDA:44,2,0,0
BRDA:44,2,1,0
BRDA:52,3,0,0
BRDA:52,3,1,0
BRDA:52,4,0,0
BRDA:52,4,1,0
BRDA:70,5,0,0
BRDA:70,5,1,0
BRDA:77,6,0,0
BRDA:77,6,1,0
BRDA:79,7,0,0
BRDA:79,7,1,0
BRDA:79,8,0,0
BRDA:79,8,1,0
BRDA:83,9,0,0
BRDA:83,9,1,0
BRDA:91,10,0,0
BRDA:91,10,1,0
BRF:22
BRH:1
end_of_record
TN:
SF:src/mock-data.js
FNF:0
FNH:0
DA:1,4
LF:1
LH:1
BRF:0
BRH:0
end_of_record
TN:
SF:src/components/CitySearch.jsx
FN:3,(anonymous_0)
FN:8,(anonymous_1)
FN:11,(anonymous_2)
FN:20,(anonymous_3)
FN:24,(anonymous_4)
FN:38,(anonymous_5)
FN:43,(anonymous_6)
FNF:7
FNH:7
FNDA:70,(anonymous_0)
FNDA:18,(anonymous_1)
FNDA:36,(anonymous_2)
FNDA:18,(anonymous_3)
FNDA:2,(anonymous_4)
FNDA:5,(anonymous_5)
FNDA:26,(anonymous_6)
DA:3,3
DA:4,70
DA:5,70
DA:6,70
DA:8,70
DA:9,18
DA:10,18
DA:12,36
DA:16,18
DA:17,18
DA:20,70
DA:21,18
DA:24,70
DA:25,2
DA:26,2
DA:27,2
DA:28,2
DA:31,70
DA:38,5
DA:44,26
LF:20
LH:20
BRDA:10,0,0,18
BRDA:10,0,1,0
BRDA:41,1,0,24
BRDA:41,1,1,46
BRF:4
BRH:3
end_of_record
TN:
SF:src/components/Event.jsx
FN:3,(anonymous_0)
FN:10,(anonymous_1)
FNF:2
FNH:2
FNDA:267,(anonymous_0)
FNDA:1,(anonymous_1)
DA:3,4
DA:4,267
DA:5,267
DA:10,1
LF:4
LH:4
BRDA:11,0,0,1
BRDA:11,0,1,266
BRDA:13,1,0,267
BRDA:13,1,1,1
BRF:4
BRH:4
end_of_record
TN:
SF:src/components/EventList.jsx
FN:4,(anonymous_0)
FN:7,(anonymous_1)
FNF:2
FNH:2
FNDA:24,(anonymous_0)
FNDA:259,(anonymous_1)
DA:4,3
DA:5,24
DA:7,259
LF:3
LH:3
BRDA:7,0,0,22
BRDA:7,0,1,2
BRF:2
BRH:2
end_of_record
TN:
SF:src/components/NumberOfEvents.jsx
FN:3,(anonymous_0)
FN:6,(anonymous_1)
FNF:2
FNH:2
FNDA:28,(anonymous_0)
FNDA:8,(anonymous_1)
DA:3,4
DA:4,28
DA:6,28
DA:7,8
DA:9,8
DA:10,8
DA:13,28
LF:7
LH:7
BRF:0
BRH:0
end_of_record
